<?xml version="1.0" encoding="UTF-8"?>
<!-- Generated by org.testng.reporters.JUnitReportReporter -->
<testsuite hostname="macs-MacBook-Pro.local" failures="0" tests="1" name="students.StudentsFilterJobs" time="47.093" errors="0" timestamp="2022-02-09T14:14:12 WAT" skipped="0">
  <testcase classname="students.StudentsFilterJobs" name="testStudentsJobSearchByCity" time="47.093"/>
  <system-out/>
</testsuite> <!-- students.StudentsFilterJobs -->
