<?xml version="1.0" encoding="UTF-8"?>
<!-- Generated by org.testng.reporters.JUnitReportReporter -->
<testsuite hostname="macs-MacBook-Pro.local" failures="0" tests="1" name="NewEmployer.EmpUpdateSocialMediaProfile" time="40.963" errors="0" timestamp="2022-02-09T13:54:55 WAT" skipped="0">
  <testcase classname="NewEmployer.EmpUpdateSocialMediaProfile" name="testEmpUpdateSocialMediaProfile" time="40.963"/>
  <system-out/>
</testsuite> <!-- NewEmployer.EmpUpdateSocialMediaProfile -->
