<?xml version="1.0" encoding="UTF-8"?>
<!-- Generated by org.testng.reporters.JUnitReportReporter -->
<testsuite hostname="pc-205-99.customer.ask4.lan" failures="0" tests="1" name="NewEmployer.BasicEmployerGetPremiumAccess" time="21.750" errors="0" timestamp="2022-03-17T07:24:24 GMT" skipped="0">
  <testcase classname="NewEmployer.BasicEmployerGetPremiumAccess" name="testBasicEmployerGetPremiumAccess" time="21.750"/>
  <system-out/>
</testsuite> <!-- NewEmployer.BasicEmployerGetPremiumAccess -->
