<?xml version="1.0" encoding="UTF-8"?>
<!-- Generated by org.testng.reporters.JUnitReportReporter -->
<testsuite hostname="pc-205-99.customer.ask4.lan" failures="0" tests="1" name="students.StudentsApplyJob" time="33.444" errors="0" timestamp="2022-03-15T19:00:03 GMT" skipped="0">
  <testcase classname="students.StudentsApplyJob" name="testStudentsApplyJob" time="33.444"/>
  <system-out/>
</testsuite> <!-- students.StudentsApplyJob -->
