<?xml version="1.0" encoding="UTF-8"?>
<!-- Generated by org.testng.reporters.JUnitReportReporter -->
<testsuite hostname="pc-205-99.customer.ask4.lan" failures="0" tests="1" name="NewEmployer.CandidateProcessingRejectedTAB" time="71.784" errors="0" timestamp="2022-04-13T10:45:16 BST" skipped="0">
  <testcase classname="NewEmployer.CandidateProcessingRejectedTAB" name="testCandidateProcessingRejectedTAB" time="71.784"/>
  <system-out/>
</testsuite> <!-- NewEmployer.CandidateProcessingRejectedTAB -->
