<?xml version="1.0" encoding="UTF-8"?>
<!-- Generated by org.testng.reporters.JUnitReportReporter -->
<testsuite hostname="pc-205-99.customer.ask4.lan" failures="0" tests="1" name="students.TermsandServicePage" time="20.461" errors="0" timestamp="2022-03-18T07:47:51 GMT" skipped="0">
  <testcase classname="students.TermsandServicePage" name="testTermsandServicePage" time="20.461"/>
  <system-out/>
</testsuite> <!-- students.TermsandServicePage -->
