<?xml version="1.0" encoding="UTF-8"?>
<!-- Generated by org.testng.reporters.JUnitReportReporter -->
<testsuite hostname="pc-205-99.customer.ask4.lan" failures="0" tests="1" name="university.UniversityViewJobs" time="26.117" errors="0" timestamp="2022-03-10T06:45:03 GMT" skipped="0">
  <testcase classname="university.UniversityViewJobs" name="testUniversityViewJobs" time="26.117"/>
  <system-out/>
</testsuite> <!-- university.UniversityViewJobs -->
