<?xml version="1.0" encoding="UTF-8"?>
<!-- Generated by org.testng.reporters.JUnitReportReporter -->
<testsuite skipped="0" hostname="REACH-HARDs-MacBook-Pro.local" name="company.DeleteEmployerLocation" tests="1" failures="0" timestamp="2021-06-29T09:21:16 WAT" time="39.253" errors="0">
  <testcase name="testDeleteEmployerLocation" time="39.253" classname="company.DeleteEmployerLocation"/>
  <system-out/>
</testsuite> <!-- company.DeleteEmployerLocation -->
