<?xml version="1.0" encoding="UTF-8"?>
<!-- Generated by org.testng.reporters.JUnitReportReporter -->
<testsuite skipped="0" hostname="REACH-HARDs-MacBook-Pro.local" name="company.ChangeEmployerName" tests="1" failures="0" timestamp="2021-06-29T08:52:32 WAT" time="37.546" errors="0">
  <testcase name="testChangeEmployerName" time="37.546" classname="company.ChangeEmployerName"/>
  <system-out/>
</testsuite> <!-- company.ChangeEmployerName -->
