<?xml version="1.0" encoding="UTF-8"?>
<!-- Generated by org.testng.reporters.JUnitReportReporter -->
<testsuite skipped="0" hostname="REACH-HARDs-MacBook-Pro.local" name="company.EmpShortlistPosition" tests="1" failures="0" timestamp="2021-06-29T10:39:31 WAT" time="29.182" errors="0">
  <testcase name="testEmpShortlistPosition" time="29.182" classname="company.EmpShortlistPosition"/>
  <system-out/>
</testsuite> <!-- company.EmpShortlistPosition -->
