<?xml version="1.0" encoding="UTF-8"?>
<!-- Generated by org.testng.reporters.JUnitReportReporter -->
<testsuite hostname="macs-MacBook-Pro.local" failures="0" tests="1" name="university.ChangeUniversityLogo" time="30.307" errors="0" timestamp="2022-02-09T14:48:45 WAT" skipped="0">
  <testcase classname="university.ChangeUniversityLogo" name="testChangeUniversityLogo" time="30.307"/>
  <system-out/>
</testsuite> <!-- university.ChangeUniversityLogo -->
