<?xml version="1.0" encoding="UTF-8"?>
<!-- Generated by org.testng.reporters.JUnitReportReporter -->
<testsuite skipped="0" hostname="REACH-HARDs-MacBook-Pro.local" name="company.EmpTalentMenuDropDown" tests="1" failures="0" timestamp="2021-06-29T10:56:44 WAT" time="34.670" errors="0">
  <testcase name="testEmpTalentMenuDropDown" time="34.670" classname="company.EmpTalentMenuDropDown"/>
  <system-out/>
</testsuite> <!-- company.EmpTalentMenuDropDown -->
