<?xml version="1.0" encoding="UTF-8"?>
<!-- Generated by org.testng.reporters.JUnitReportReporter -->
<testsuite hostname="pc-205-99.customer.ask4.lan" failures="0" tests="1" name="NewEmployer.EmpFilterTalents" time="106.466" errors="0" timestamp="2022-03-17T07:15:43 GMT" skipped="0">
  <testcase classname="NewEmployer.EmpFilterTalents" name="testEmpFilterTalents" time="106.466"/>
  <system-out/>
</testsuite> <!-- NewEmployer.EmpFilterTalents -->
