<?xml version="1.0" encoding="UTF-8"?>
<!-- Generated by org.testng.reporters.JUnitReportReporter -->
<testsuite hostname="macs-MacBook-Pro.local" failures="0" tests="1" name="students.StudentsApplicationsPage" time="46.886" errors="0" timestamp="2022-02-09T14:11:28 WAT" skipped="0">
  <testcase classname="students.StudentsApplicationsPage" name="testStudentsApplicationsPage" time="46.886"/>
  <system-out/>
</testsuite> <!-- students.StudentsApplicationsPage -->
