<?xml version="1.0" encoding="UTF-8"?>
<!-- Generated by org.testng.reporters.JUnitReportReporter -->
<testsuite hostname="macs-MacBook-Pro.local" failures="0" tests="1" name="students.StudentViewEventDetails" time="202.970" errors="0" timestamp="2022-02-09T14:29:39 WAT" skipped="0">
  <testcase classname="students.StudentViewEventDetails" name="testViewEventDetails" time="202.970"/>
  <system-out/>
</testsuite> <!-- students.StudentViewEventDetails -->
