<?xml version="1.0" encoding="UTF-8"?>
<!-- Generated by org.testng.reporters.JUnitReportReporter -->
<testsuite skipped="0" hostname="REACH-HARDs-MacBook-Pro.local" name="company.EditEmployerPhotos" tests="1" failures="0" timestamp="2021-06-29T09:31:32 WAT" time="30.329" errors="0">
  <testcase name="testEditEmployerPhotos" time="30.329" classname="company.EditEmployerPhotos"/>
  <system-out/>
</testsuite> <!-- company.EditEmployerPhotos -->
