<?xml version="1.0" encoding="UTF-8"?>
<!-- Generated by org.testng.reporters.JUnitReportReporter -->
<testsuite skipped="0" hostname="REACH-HARDs-MacBook-Pro.local" name="students.ViewEventDetails" tests="1" failures="0" timestamp="2022-01-31T14:22:45 WAT" time="75.143" errors="0">
  <testcase name="testViewEventDetails" time="75.143" classname="students.ViewEventDetails"/>
  <system-out/>
</testsuite> <!-- students.ViewEventDetails -->
