<?xml version="1.0" encoding="UTF-8"?>
<!-- Generated by org.testng.reporters.JUnitReportReporter -->
<testsuite skipped="0" hostname="REACH-HARDs-MacBook-Pro.local" name="company.EmpUpdateSocialMediaProfile" tests="1" failures="0" timestamp="2021-06-29T11:46:31 WAT" time="33.042" errors="0">
  <testcase name="testEmpUpdateSocialMediaProfile" time="33.042" classname="company.EmpUpdateSocialMediaProfile"/>
  <system-out/>
</testsuite> <!-- company.EmpUpdateSocialMediaProfile -->
