<?xml version="1.0" encoding="UTF-8"?>
<!-- Generated by org.testng.reporters.JUnitReportReporter -->
<testsuite hostname="pc-205-99.customer.ask4.lan" failures="0" tests="1" name="university.ChangeUniversityName" time="25.008" errors="0" timestamp="2022-02-27T09:24:01 GMT" skipped="0">
  <testcase classname="university.ChangeUniversityName" name="testChangeUniversityName" time="25.008"/>
  <system-out/>
</testsuite> <!-- university.ChangeUniversityName -->
