<?xml version="1.0" encoding="UTF-8"?>
<!-- Generated by org.testng.reporters.JUnitReportReporter -->
<testsuite hostname="pc-205-99.customer.ask4.lan" failures="0" tests="1" name="university.UniViewStudentProfie" time="26.652" errors="0" timestamp="2022-02-28T08:13:11 GMT" skipped="0">
  <testcase classname="university.UniViewStudentProfie" name="testUniViewStudentProfie" time="26.652"/>
  <system-out/>
</testsuite> <!-- university.UniViewStudentProfie -->
