<?xml version="1.0" encoding="UTF-8"?>
<!-- Generated by org.testng.reporters.JUnitReportReporter -->
<testsuite skipped="0" hostname="REACH-HARDs-MacBook-Pro.local" name="company.EmployerDashboardMenuDropDown" tests="1" failures="0" timestamp="2021-06-29T09:32:19 WAT" time="24.534" errors="0">
  <testcase name="testEmployerDashboardMenuDropDown" time="24.534" classname="company.EmployerDashboardMenuDropDown"/>
  <system-out/>
</testsuite> <!-- company.EmployerDashboardMenuDropDown -->
