<?xml version="1.0" encoding="UTF-8"?>
<!-- Generated by org.testng.reporters.JUnitReportReporter -->
<testsuite hostname="pc-205-99.customer.ask4.lan" failures="0" tests="1" name="students.StudentChangePersonalInfo" time="18.355" errors="0" timestamp="2022-02-28T07:11:58 GMT" skipped="0">
  <testcase classname="students.StudentChangePersonalInfo" name="testStudentChangePersonalInfo" time="18.355"/>
  <system-out/>
</testsuite> <!-- students.StudentChangePersonalInfo -->
