<?xml version="1.0" encoding="UTF-8"?>
<!-- Generated by org.testng.reporters.JUnitReportReporter -->
<testsuite skipped="0" hostname="REACH-HARDs-MacBook-Pro.local" name="company.JobsHomepage" tests="1" failures="0" timestamp="2021-06-29T12:07:29 WAT" time="23.978" errors="0">
  <testcase name="testJobsHomepage" time="23.978" classname="company.JobsHomepage"/>
  <system-out/>
</testsuite> <!-- company.JobsHomepage -->
