<?xml version="1.0" encoding="UTF-8"?>
<!-- Generated by org.testng.reporters.JUnitReportReporter -->
<testsuite skipped="0" hostname="REACH-HARDs-MacBook-Pro.local" name="company.ChangeEmployerLogo" tests="1" failures="0" timestamp="2021-06-29T08:51:17 WAT" time="27.340" errors="0">
  <testcase name="testChangeEmployerLogo" time="27.340" classname="company.ChangeEmployerLogo"/>
  <system-out/>
</testsuite> <!-- company.ChangeEmployerLogo -->
