<?xml version="1.0" encoding="UTF-8"?>
<!-- Generated by org.testng.reporters.JUnitReportReporter -->
<testsuite skipped="0" hostname="REACH-HARDs-MacBook-Pro.local" name="company.EmpSearchCandidateByName" tests="1" failures="0" timestamp="2021-06-29T09:45:37 WAT" time="35.833" errors="0">
  <testcase name="testEmpSearchCandidateByName" time="35.833" classname="company.EmpSearchCandidateByName"/>
  <system-out/>
</testsuite> <!-- company.EmpSearchCandidateByName -->
