<?xml version="1.0" encoding="UTF-8"?>
<!-- Generated by org.testng.reporters.JUnitReportReporter -->
<testsuite hostname="macs-MacBook-Pro.local" failures="0" tests="1" name="UserAccess.InvalidLogin" time="27.069" errors="0" timestamp="2022-02-20T10:07:17 GMT" skipped="0">
  <testcase classname="UserAccess.InvalidLogin" name="testInvalidLogin" time="27.069"/>
  <system-out/>
</testsuite> <!-- UserAccess.InvalidLogin -->
