<?xml version="1.0" encoding="UTF-8"?>
<!-- Generated by org.testng.reporters.JUnitReportReporter -->
<testsuite hostname="pc-205-99.customer.ask4.lan" failures="0" tests="1" name="NewEmployer.BasicEmployerAddJob" time="40.228" errors="0" timestamp="2022-02-27T07:25:38 GMT" skipped="0">
  <testcase classname="NewEmployer.BasicEmployerAddJob" name="testBasicEmployerAddJob" time="40.228"/>
  <system-out/>
</testsuite> <!-- NewEmployer.BasicEmployerAddJob -->
