<?xml version="1.0" encoding="UTF-8"?>
<!-- Generated by org.testng.reporters.JUnitReportReporter -->
<testsuite hostname="pc-205-99.customer.ask4.lan" failures="0" tests="1" name="NewEmployer.EmpViewVerifiedStudents" time="29.972" errors="0" timestamp="2022-02-28T07:42:19 GMT" skipped="0">
  <testcase classname="NewEmployer.EmpViewVerifiedStudents" name="testEMPViewVerifiedStudents" time="29.972"/>
  <system-out/>
</testsuite> <!-- NewEmployer.EmpViewVerifiedStudents -->
