<?xml version="1.0" encoding="UTF-8"?>
<!-- Generated by org.testng.reporters.JUnitReportReporter -->
<testsuite skipped="0" hostname="REACH-HARDs-MacBook-Pro.local" name="company.SearchOpenJobs" tests="1" failures="0" timestamp="2021-06-29T12:23:45 WAT" time="37.093" errors="0">
  <testcase name="testSearchOpenJobs" time="37.093" classname="company.SearchOpenJobs"/>
  <system-out/>
</testsuite> <!-- company.SearchOpenJobs -->
