<?xml version="1.0" encoding="UTF-8"?>
<!-- Generated by org.testng.reporters.JUnitReportReporter -->
<testsuite hostname="pc-205-99.customer.ask4.lan" failures="0" tests="1" name="students.StudentsFindRecommendations" time="28.184" errors="0" timestamp="2022-02-28T08:39:37 GMT" skipped="0">
  <testcase classname="students.StudentsFindRecommendations" name="testStudentsFindRecommendations" time="28.184"/>
  <system-out/>
</testsuite> <!-- students.StudentsFindRecommendations -->
