<?xml version="1.0" encoding="UTF-8"?>
<!-- Generated by org.testng.reporters.JUnitReportReporter -->
<testsuite hostname="pc-205-99.customer.ask4.lan" failures="0" tests="1" name="university.UniSearchStudentByName" time="25.769" errors="0" timestamp="2022-02-27T09:31:30 GMT" skipped="0">
  <testcase classname="university.UniSearchStudentByName" name="testUniSearchStudentByName" time="25.769"/>
  <system-out/>
</testsuite> <!-- university.UniSearchStudentByName -->
