<?xml version="1.0" encoding="UTF-8"?>
<!-- Generated by org.testng.reporters.JUnitReportReporter -->
<testsuite hostname="pc-205-99.customer.ask4.lan" failures="0" tests="1" name="NewEmployer.SearchEvent" time="34.332" errors="0" timestamp="2022-02-27T09:00:29 GMT" skipped="0">
  <testcase classname="NewEmployer.SearchEvent" name="testStudentSearchEvent" time="34.332"/>
  <system-out/>
</testsuite> <!-- NewEmployer.SearchEvent -->
