<?xml version="1.0" encoding="UTF-8"?>
<!-- Generated by org.testng.reporters.JUnitReportReporter -->
<testsuite hostname="pc-205-99.customer.ask4.lan" failures="0" tests="1" name="students.StudentChangePassword" time="30.810" errors="0" timestamp="2022-03-03T15:39:05 GMT" skipped="0">
  <testcase classname="students.StudentChangePassword" name="testStudentChangePassword" time="30.810"/>
  <system-out/>
</testsuite> <!-- students.StudentChangePassword -->
