<?xml version="1.0" encoding="UTF-8"?>
<!-- Generated by org.testng.reporters.JUnitReportReporter -->
<testsuite hostname="pc-205-99.customer.ask4.lan" failures="0" tests="1" name="university.SearchEvent" time="57.980" errors="0" timestamp="2022-02-27T09:30:53 GMT" skipped="0">
  <testcase classname="university.SearchEvent" name="testSearchEvent" time="57.980"/>
  <system-out/>
</testsuite> <!-- university.SearchEvent -->
