<?xml version="1.0" encoding="UTF-8"?>
<!-- Generated by org.testng.reporters.JUnitReportReporter -->
<testsuite hostname="macs-MacBook-Pro.local" failures="0" tests="1" name="students.StudentChangeEmail" time="34.980" errors="0" timestamp="2022-02-09T14:11:28 WAT" skipped="0">
  <testcase classname="students.StudentChangeEmail" name="testStudentChangeEmail" time="34.980"/>
  <system-out/>
</testsuite> <!-- students.StudentChangeEmail -->
