<?xml version="1.0" encoding="UTF-8"?>
<!-- Generated by org.testng.reporters.JUnitReportReporter -->
<testsuite hostname="macs-MacBook-Pro.local" failures="0" tests="1" name="NewEmployer.EmpProfileDropdownMenu" time="23.594" errors="0" timestamp="2022-02-23T14:19:29 GMT" skipped="0">
  <testcase classname="NewEmployer.EmpProfileDropdownMenu" name="testEmpProfileDropdownMenu" time="23.594"/>
  <system-out/>
</testsuite> <!-- NewEmployer.EmpProfileDropdownMenu -->
