<?xml version="1.0" encoding="UTF-8"?>
<!-- Generated by org.testng.reporters.JUnitReportReporter -->
<testsuite hostname="pc-205-99.customer.ask4.lan" failures="0" tests="1" name="NewEmployer.BasicEmployerDashboard" time="25.330" errors="0" timestamp="2022-02-27T07:24:20 GMT" skipped="0">
  <testcase classname="NewEmployer.BasicEmployerDashboard" name="testBasicEmployerDashboard" time="25.330"/>
  <system-out/>
</testsuite> <!-- NewEmployer.BasicEmployerDashboard -->
