<?xml version="1.0" encoding="UTF-8"?>
<!-- Generated by org.testng.reporters.JUnitReportReporter -->
<testsuite hostname="pc-205-99.customer.ask4.lan" failures="0" tests="1" name="university.EventHomepageElements" time="24.600" errors="0" timestamp="2022-02-27T09:29:33 GMT" skipped="0">
  <testcase classname="university.EventHomepageElements" name="testEventHomepageElements" time="24.600"/>
  <system-out/>
</testsuite> <!-- university.EventHomepageElements -->
