<?xml version="1.0" encoding="UTF-8"?>
<!-- Generated by org.testng.reporters.JUnitReportReporter -->
<testsuite hostname="pc-205-99.customer.ask4.lan" failures="0" tests="1" name="university.UniversiyProfilePAge" time="18.739" errors="0" timestamp="2022-02-27T09:42:25 GMT" skipped="0">
  <testcase classname="university.UniversiyProfilePAge" name="testUniversiyProfilePAge" time="18.739"/>
  <system-out/>
</testsuite> <!-- university.UniversiyProfilePAge -->
