<?xml version="1.0" encoding="UTF-8"?>
<!-- Generated by org.testng.reporters.JUnitReportReporter -->
<testsuite skipped="0" hostname="REACH-HARDs-MacBook-Pro.local" name="company.EmpUploadEmployerPhotos" tests="1" failures="0" timestamp="2021-06-29T11:47:32 WAT" time="36.165" errors="0">
  <testcase name="testEmpUploadEmployerPhotos" time="36.165" classname="company.EmpUploadEmployerPhotos"/>
  <system-out/>
</testsuite> <!-- company.EmpUploadEmployerPhotos -->
