<?xml version="1.0" encoding="UTF-8"?>
<!-- Generated by org.testng.reporters.JUnitReportReporter -->
<testsuite hostname="pc-205-99.customer.ask4.lan" failures="0" tests="1" name="university.UniversityExportJobsPDF" time="25.313" errors="0" timestamp="2022-03-10T07:03:35 GMT" skipped="0">
  <testcase classname="university.UniversityExportJobsPDF" name="testUniversityExportJobsPDF" time="25.313"/>
  <system-out/>
</testsuite> <!-- university.UniversityExportJobsPDF -->
