<?xml version="1.0" encoding="UTF-8"?>
<!-- Generated by org.testng.reporters.JUnitReportReporter -->
<testsuite hostname="pc-205-99.customer.ask4.lan" failures="0" tests="1" name="university.UniStudentsHomepage" time="25.876" errors="0" timestamp="2022-03-18T07:49:26 GMT" skipped="0">
  <testcase classname="university.UniStudentsHomepage" name="testLoginElements" time="25.876"/>
  <system-out/>
</testsuite> <!-- university.UniStudentsHomepage -->
