<?xml version="1.0" encoding="UTF-8"?>
<!-- Generated by org.testng.reporters.JUnitReportReporter -->
<testsuite hostname="pc-205-99.customer.ask4.lan" failures="0" tests="1" name="NewEmployer.CandidateProcessingFavoriteTab" time="47.378" errors="0" timestamp="2022-04-13T10:35:21 BST" skipped="0">
  <testcase classname="NewEmployer.CandidateProcessingFavoriteTab" name="testCandidateProcessingFavoriteTab" time="47.378"/>
  <system-out/>
</testsuite> <!-- NewEmployer.CandidateProcessingFavoriteTab -->
