<?xml version="1.0" encoding="UTF-8"?>
<!-- Generated by org.testng.reporters.JUnitReportReporter -->
<testsuite hostname="pc-205-99.customer.ask4.lan" failures="0" tests="1" name="students.StudentsSaveJob" time="29.945" errors="0" timestamp="2022-03-18T07:47:08 GMT" skipped="0">
  <testcase classname="students.StudentsSaveJob" name="testStudentsSaveJob" time="29.945"/>
  <system-out/>
</testsuite> <!-- students.StudentsSaveJob -->
