<?xml version="1.0" encoding="UTF-8"?>
<!-- Generated by org.testng.reporters.JUnitReportReporter -->
<testsuite skipped="0" hostname="REACH-HARDs-MacBook-Pro.local" name="company.EditEmployerLocation" tests="1" failures="0" timestamp="2021-06-29T09:22:16 WAT" time="30.217" errors="0">
  <testcase name="testAddEmployerLocation" time="30.217" classname="company.EditEmployerLocation"/>
  <system-out/>
</testsuite> <!-- company.EditEmployerLocation -->
