<?xml version="1.0" encoding="UTF-8"?>
<!-- Generated by org.testng.reporters.JUnitReportReporter -->
<testsuite hostname="pc-205-99.customer.ask4.lan" failures="0" tests="1" name="NewEmployer.CandidateProcessingHiredTAB" time="59.727" errors="0" timestamp="2022-04-13T10:45:16 BST" skipped="0">
  <testcase classname="NewEmployer.CandidateProcessingHiredTAB" name="testCandidateProcessingHiredTAB" time="59.727"/>
  <system-out/>
</testsuite> <!-- NewEmployer.CandidateProcessingHiredTAB -->
