<?xml version="1.0" encoding="UTF-8"?>
<!-- Generated by org.testng.reporters.JUnitReportReporter -->
<testsuite skipped="0" hostname="REACH-HARDs-MacBook-Pro.local" name="company.EmpSearchTalentByUniqueID" tests="1" failures="0" timestamp="2021-06-29T10:31:12 WAT" time="32.514" errors="0">
  <testcase name="testEmpSearchTalentByUniqueID" time="32.514" classname="company.EmpSearchTalentByUniqueID"/>
  <system-out/>
</testsuite> <!-- company.EmpSearchTalentByUniqueID -->
