<?xml version="1.0" encoding="UTF-8"?>
<!-- Generated by org.testng.reporters.JUnitReportReporter -->
<testsuite skipped="0" hostname="REACH-HARDs-MacBook-Pro.local" name="company.EmpSearchClosedJobs" tests="1" failures="0" timestamp="2021-06-29T10:02:20 WAT" time="29.535" errors="0">
  <testcase name="testEmpSearchClosedJobs" time="29.535" classname="company.EmpSearchClosedJobs"/>
  <system-out/>
</testsuite> <!-- company.EmpSearchClosedJobs -->
