<?xml version="1.0" encoding="UTF-8"?>
<!-- Generated by org.testng.reporters.JUnitReportReporter -->
<testsuite hostname="pc-205-99.customer.ask4.lan" failures="0" tests="1" name="university.UpdateUniSocialMediaProfile" time="39.370" errors="0" timestamp="2022-02-28T08:29:12 GMT" skipped="0">
  <testcase classname="university.UpdateUniSocialMediaProfile" name="testUpdateUniSocialMediaProfile" time="39.370"/>
  <system-out/>
</testsuite> <!-- university.UpdateUniSocialMediaProfile -->
