<?xml version="1.0" encoding="UTF-8"?>
<!-- Generated by org.testng.reporters.JUnitReportReporter -->
<testsuite hostname="macs-MacBook-Pro.local" failures="0" tests="1" name="NewEmployer.AddJobMultiLocations" time="54.856" errors="0" timestamp="2022-02-09T13:33:10 WAT" skipped="0">
  <testcase classname="NewEmployer.AddJobMultiLocations" name="testAddNewJob" time="54.856"/>
  <system-out/>
</testsuite> <!-- NewEmployer.AddJobMultiLocations -->
