<?xml version="1.0" encoding="UTF-8"?>
<!-- Generated by org.testng.reporters.JUnitReportReporter -->
<testsuite hostname="macs-MacBook-Pro.local" failures="0" tests="1" name="students.StudentsApplyJobNoCV" time="29.362" errors="0" timestamp="2022-02-09T14:11:28 WAT" skipped="0">
  <testcase classname="students.StudentsApplyJobNoCV" name="testStudentsApplyJobNoCV" time="29.362"/>
  <system-out/>
</testsuite> <!-- students.StudentsApplyJobNoCV -->
