<?xml version="1.0" encoding="UTF-8"?>
<!-- Generated by org.testng.reporters.JUnitReportReporter -->
<testsuite skipped="0" hostname="REACH-HARDs-MacBook-Pro.local" name="company.EmpSearchTalentByName" tests="1" failures="0" timestamp="2021-06-29T10:28:55 WAT" time="34.455" errors="0">
  <testcase name="testEmpSearchTalentByName" time="34.455" classname="company.EmpSearchTalentByName"/>
  <system-out/>
</testsuite> <!-- company.EmpSearchTalentByName -->
