<?xml version="1.0" encoding="UTF-8"?>
<!-- Generated by org.testng.reporters.JUnitReportReporter -->
<testsuite hostname="pc-205-99.customer.ask4.lan" failures="0" tests="1" name="university.UniversityDashboardMenuDropdown" time="19.552" errors="0" timestamp="2022-02-27T09:37:10 GMT" skipped="0">
  <testcase classname="university.UniversityDashboardMenuDropdown" name="testUniversityDashboardMenuDropdown" time="19.552"/>
  <system-out/>
</testsuite> <!-- university.UniversityDashboardMenuDropdown -->
