<?xml version="1.0" encoding="UTF-8"?>
<!-- Generated by org.testng.reporters.JUnitReportReporter -->
<testsuite hostname="pc-205-99.customer.ask4.lan" failures="0" tests="1" name="students.DeleteStudentProfilePicture" time="33.821" errors="0" timestamp="2022-03-18T07:45:58 GMT" skipped="0">
  <testcase classname="students.DeleteStudentProfilePicture" name="testDeleteStudentProfilePicture" time="33.821"/>
  <system-out/>
</testsuite> <!-- students.DeleteStudentProfilePicture -->
