<?xml version="1.0" encoding="UTF-8"?>
<!-- Generated by org.testng.reporters.JUnitReportReporter -->
<testsuite hostname="pc-205-99.customer.ask4.lan" failures="0" tests="1" name="university.UniversityAboutPage" time="16.773" errors="0" timestamp="2022-02-27T09:33:23 GMT" skipped="0">
  <testcase classname="university.UniversityAboutPage" name="testUniversityAboutPage" time="16.773"/>
  <system-out/>
</testsuite> <!-- university.UniversityAboutPage -->
