<?xml version="1.0" encoding="UTF-8"?>
<!-- Generated by org.testng.reporters.JUnitReportReporter -->
<testsuite skipped="0" hostname="REACH-HARDs-MacBook-Pro.local" name="company.EmpUpdateAboutUsProfile" tests="1" failures="0" timestamp="2021-06-29T11:45:39 WAT" time="31.901" errors="0">
  <testcase name="testEmpUpdateAboutUsProfile" time="31.901" classname="company.EmpUpdateAboutUsProfile"/>
  <system-out/>
</testsuite> <!-- company.EmpUpdateAboutUsProfile -->
