<?xml version="1.0" encoding="UTF-8"?>
<!-- Generated by org.testng.reporters.JUnitReportReporter -->
<testsuite hostname="pc-205-99.customer.ask4.lan" failures="0" tests="1" name="university.ViewEventDetails" time="69.153" errors="0" timestamp="2022-02-28T08:36:57 GMT" skipped="0">
  <testcase classname="university.ViewEventDetails" name="testViewEventDetails" time="69.153"/>
  <system-out/>
</testsuite> <!-- university.ViewEventDetails -->
