<?xml version="1.0" encoding="UTF-8"?>
<!-- Generated by org.testng.reporters.JUnitReportReporter -->
<testsuite skipped="0" hostname="REACH-HARDs-MacBook-Pro.local" name="company.SearchEvent" tests="1" failures="0" timestamp="2021-06-29T12:17:20 WAT" time="38.173" errors="0">
  <testcase name="testStudentSearchEvent" time="38.173" classname="company.SearchEvent"/>
  <system-out/>
</testsuite> <!-- company.SearchEvent -->
