<?xml version="1.0" encoding="UTF-8"?>
<!-- Generated by org.testng.reporters.JUnitReportReporter -->
<testsuite hostname="pc-205-99.customer.ask4.lan" failures="0" tests="1" name="students.StudentChangeLanguage" time="19.818" errors="0" timestamp="2022-02-27T09:15:54 GMT" skipped="0">
  <testcase classname="students.StudentChangeLanguage" name="testStudentChangeLanguage" time="19.818"/>
  <system-out/>
</testsuite> <!-- students.StudentChangeLanguage -->
