<?xml version="1.0" encoding="UTF-8"?>
<!-- Generated by org.testng.reporters.JUnitReportReporter -->
<testsuite skipped="0" hostname="REACH-HARDs-MacBook-Pro.local" name="company.EmpSearchCandidateByUniqueID" tests="1" failures="0" timestamp="2021-06-29T09:59:52 WAT" time="42.361" errors="0">
  <testcase name="testEmpSearchCandidateByUniqueID" time="42.361" classname="company.EmpSearchCandidateByUniqueID"/>
  <system-out/>
</testsuite> <!-- company.EmpSearchCandidateByUniqueID -->
