<?xml version="1.0" encoding="UTF-8"?>
<!-- Generated by org.testng.reporters.JUnitReportReporter -->
<testsuite hostname="pc-205-99.customer.ask4.lan" failures="0" tests="1" name="university.UpdateUniAboutUsProfile" time="35.744" errors="0" timestamp="2022-02-28T08:27:36 GMT" skipped="0">
  <testcase classname="university.UpdateUniAboutUsProfile" name="testUpdateUniAboutUsProfile" time="35.744"/>
  <system-out/>
</testsuite> <!-- university.UpdateUniAboutUsProfile -->
