<?xml version="1.0" encoding="UTF-8"?>
<!-- Generated by org.testng.reporters.JUnitReportReporter -->
<testsuite skipped="0" hostname="REACH-HARDs-MacBook-Pro.local" name="company.EmployerDashboard" tests="1" failures="0" timestamp="2021-06-29T09:30:37 WAT" time="30.025" errors="0">
  <testcase name="testEmployerDashboard" time="30.025" classname="company.EmployerDashboard"/>
  <system-out/>
</testsuite> <!-- company.EmployerDashboard -->
