<?xml version="1.0" encoding="UTF-8"?>
<!-- Generated by org.testng.reporters.JUnitReportReporter -->
<testsuite skipped="0" hostname="REACH-HARDs-MacBook-Pro.local" name="company.EditJob" tests="1" failures="0" timestamp="2021-06-29T09:28:06 WAT" time="37.486" errors="0">
  <testcase name="testEditJob" time="37.486" classname="company.EditJob"/>
  <system-out/>
</testsuite> <!-- company.EditJob -->
