<?xml version="1.0" encoding="UTF-8"?>
<!-- Generated by org.testng.reporters.JUnitReportReporter -->
<testsuite hostname="pc-194-210.customer.ask4.lan" failures="0" tests="1" name="NewEmployer.AddEmployerLocation" time="36.325" errors="0" timestamp="2022-10-03T16:30:29 BST" skipped="0">
  <testcase classname="NewEmployer.AddEmployerLocation" name="testAddEmployerLocation" time="36.325"/>
  <system-out/>
</testsuite> <!-- NewEmployer.AddEmployerLocation -->
