<?xml version="1.0" encoding="UTF-8"?>
<!-- Generated by org.testng.reporters.JUnitReportReporter -->
<testsuite skipped="0" hostname="REACH-HARDs-MacBook-Pro.local" name="company.EmpTalentHomePage" tests="1" failures="0" timestamp="2021-06-29T10:44:04 WAT" time="22.496" errors="0">
  <testcase name="testEmpTalentHomePage" time="22.496" classname="company.EmpTalentHomePage"/>
  <system-out/>
</testsuite> <!-- company.EmpTalentHomePage -->
