<?xml version="1.0" encoding="UTF-8"?>
<!-- Generated by org.testng.reporters.JUnitReportReporter -->
<testsuite hostname="pc-205-99.customer.ask4.lan" failures="0" tests="1" name="university.UniversitySearchJobs" time="34.956" errors="0" timestamp="2022-03-10T06:52:20 GMT" skipped="0">
  <testcase classname="university.UniversitySearchJobs" name="testUniversityViewJobs" time="34.956"/>
  <system-out/>
</testsuite> <!-- university.UniversitySearchJobs -->
