<?xml version="1.0" encoding="UTF-8"?>
<!-- Generated by org.testng.reporters.JUnitReportReporter -->
<testsuite hostname="pc-205-99.customer.ask4.lan" failures="0" tests="1" name="NewEmployer.EditEmployerLocation" time="25.042" errors="0" timestamp="2022-02-28T07:26:54 GMT" skipped="0">
  <testcase classname="NewEmployer.EditEmployerLocation" name="testAddEmployerLocation" time="25.042"/>
  <system-out/>
</testsuite> <!-- NewEmployer.EditEmployerLocation -->
