<?xml version="1.0" encoding="UTF-8"?>
<!-- Generated by org.testng.reporters.JUnitReportReporter -->
<testsuite hostname="macs-MacBook-Pro.local" failures="0" tests="1" name="NewEmployer.DeleteEmployerLocation" time="39.664" errors="0" timestamp="2022-02-09T13:54:55 WAT" skipped="0">
  <testcase classname="NewEmployer.DeleteEmployerLocation" name="testDeleteEmployerLocation" time="39.664"/>
  <system-out/>
</testsuite> <!-- NewEmployer.DeleteEmployerLocation -->
