<?xml version="1.0" encoding="UTF-8"?>
<!-- Generated by org.testng.reporters.JUnitReportReporter -->
<testsuite hostname="pc-205-99.customer.ask4.lan" failures="0" tests="1" name="university.UniversityDashboard" time="21.155" errors="0" timestamp="2022-02-27T09:36:45 GMT" skipped="0">
  <testcase classname="university.UniversityDashboard" name="testUniversityDashboard" time="21.155"/>
  <system-out/>
</testsuite> <!-- university.UniversityDashboard -->
