<?xml version="1.0" encoding="UTF-8"?>
<!-- Generated by org.testng.reporters.JUnitReportReporter -->
<testsuite skipped="0" hostname="REACH-HARDs-MacBook-Pro.local" name="company.ViewEmployerJobs" tests="1" failures="0" timestamp="2021-06-29T12:27:26 WAT" time="26.767" errors="0">
  <testcase name="testViewEmployerJobs" time="26.767" classname="company.ViewEmployerJobs"/>
  <system-out/>
</testsuite> <!-- company.ViewEmployerJobs -->
