<?xml version="1.0" encoding="UTF-8"?>
<!-- Generated by org.testng.reporters.JUnitReportReporter -->
<testsuite hostname="pc-205-99.customer.ask4.lan" failures="0" tests="1" name="students.ChangeStudentProfilePicture" time="26.279" errors="0" timestamp="2022-03-17T10:54:24 GMT" skipped="0">
  <testcase classname="students.ChangeStudentProfilePicture" name="testChangeStudentProfilePicture" time="26.279"/>
  <system-out/>
</testsuite> <!-- students.ChangeStudentProfilePicture -->
