<?xml version="1.0" encoding="UTF-8"?>
<!-- Generated by org.testng.reporters.JUnitReportReporter -->
<testsuite hostname="macs-MacBook-Pro.local" failures="0" tests="1" name="students.StudentsJobSearchByTitle" time="33.287" errors="0" timestamp="2022-02-09T14:21:26 WAT" skipped="0">
  <testcase classname="students.StudentsJobSearchByTitle" name="testStudentsJobSearchByTitle" time="33.287"/>
  <system-out/>
</testsuite> <!-- students.StudentsJobSearchByTitle -->
